<?xml version="1.0" encoding="UTF-8"?>
<testsuite name="ClientTest" tests="8" skipped="0" failures="0" errors="0" timestamp="2015-09-01T23:06:21" hostname="Leslies-MacBook-Pro.local" time="0.438">
  <properties/>
  <testcase name="find_findsClientInDatabase_true" classname="ClientTest" time="0.207"/>
  <testcase name="save_savesStylistIdIntoDB_true" classname="ClientTest" time="0.045"/>
  <testcase name="update_newClientDescription" classname="ClientTest" time="0.041"/>
  <testcase name="delete_deletesClientById_true" classname="ClientTest" time="0.051"/>
  <testcase name="equals_returnsTrueIfDescriptionsAreTheSame" classname="ClientTest" time="0.01"/>
  <testcase name="all_emptyAtFirst" classname="ClientTest" time="0.019"/>
  <testcase name="save_returnsTrueIfDescriptionsAreTheSame" classname="ClientTest" time="0.029"/>
  <testcase name="save_assignsIdToObject" classname="ClientTest" time="0.032"/>
  <system-out><![CDATA[]]></system-out>
  <system-err><![CDATA[]]></system-err>
</testsuite>
