<?xml version="1.0" encoding="UTF-8"?>
<testsuite name="StylistTest" tests="4" skipped="0" failures="0" errors="0" timestamp="2015-08-29T23:02:21" hostname="Leslies-MacBook-Pro.local" time="0.267">
  <properties/>
  <testcase name="equals_returnsTrueIfNamesAretheSame" classname="StylistTest" time="0.148"/>
  <testcase name="all_emptyAtFirst" classname="StylistTest" time="0.048"/>
  <testcase name="find_findStylistInDatabase_true" classname="StylistTest" time="0.039"/>
  <testcase name="save_savesIntoDatabase_true" classname="StylistTest" time="0.032"/>
  <system-out><![CDATA[]]></system-out>
  <system-err><![CDATA[]]></system-err>
</testsuite>
