<?xml version="1.0" encoding="UTF-8"?>
<testsuite name="StylistTest" tests="4" skipped="0" failures="0" errors="0" timestamp="2015-08-30T00:20:06" hostname="Leslies-MacBook-Pro.local" time="0.086">
  <properties/>
  <testcase name="equals_returnsTrueIfNamesAretheSame" classname="StylistTest" time="0.011"/>
  <testcase name="all_emptyAtFirst" classname="StylistTest" time="0.019"/>
  <testcase name="find_findStylistInDatabase_true" classname="StylistTest" time="0.028"/>
  <testcase name="save_savesIntoDatabase_true" classname="StylistTest" time="0.027"/>
  <system-out><![CDATA[]]></system-out>
  <system-err><![CDATA[]]></system-err>
</testsuite>
